app/build/intermediates/manifest_merge_blame_file/debug/manifest-merger-blame-debug-report.txt
1<?xml version="1.0" encoding="utf-8"?>
2<manifest xmlns:android="http://schemas.android.com/apk/res/android"
3    package="com.capstoneproject.kukuku"
4    android:versionCode="1"
5    android:versionName="1.0" >
6
7    <uses-sdk
8        android:minSdkVersion="21"
8-->src/main/AndroidManifest.xml
9        android:targetSdkVersion="33" />
9-->src/main/AndroidManifest.xml
10
11    <uses-permission android:name="android.permission.INTERNET" />
11-->src/main/AndroidManifest.xml:5:5-66
11-->src/main/AndroidManifest.xml:5:22-64
12    <uses-permission android:name="android.permission.CAMERA" />
12-->src/main/AndroidManifest.xml:6:5-64
12-->src/main/AndroidManifest.xml:6:22-62
13    <uses-permission
13-->src/main/AndroidManifest.xml:7:5-107
14        android:name="android.permission.WRITE_EXTERNAL_STORAGE"
14-->src/main/AndroidManifest.xml:7:22-78
15        android:maxSdkVersion="28" />
15-->src/main/AndroidManifest.xml:7:79-105
16    <uses-permission android:name="android.permission.READ_EXTERNAL_STORAGE" />
16-->src/main/AndroidManifest.xml:8:5-79
16-->src/main/AndroidManifest.xml:8:22-77
17
18    <uses-feature android:name="android.hardware.camera" />
18-->src/main/AndroidManifest.xml:9:5-60
18-->src/main/AndroidManifest.xml:9:19-57
19
20    <queries>
20-->[androidx.camera:camera-extensions:1.2.2] AndroidManifest.xml:22:5-26:15
21        <intent>
21-->[androidx.camera:camera-extensions:1.2.2] AndroidManifest.xml:23:9-25:18
22            <action android:name="androidx.camera.extensions.action.VENDOR_ACTION" />
22-->[androidx.camera:camera-extensions:1.2.2] AndroidManifest.xml:24:13-86
22-->[androidx.camera:camera-extensions:1.2.2] AndroidManifest.xml:24:21-83
23        </intent>
24    </queries>
25
26    <application
26-->src/main/AndroidManifest.xml:11:5-40:19
27        android:allowBackup="true"
27-->src/main/AndroidManifest.xml:12:9-35
28        android:appComponentFactory="androidx.core.app.CoreComponentFactory"
28-->[androidx.core:core:1.8.0] AndroidManifest.xml:24:18-86
29        android:dataExtractionRules="@xml/data_extraction_rules"
29-->src/main/AndroidManifest.xml:13:9-65
30        android:debuggable="true"
31        android:fullBackupContent="@xml/backup_rules"
31-->src/main/AndroidManifest.xml:14:9-54
32        android:icon="@mipmap/ic_launcher"
32-->src/main/AndroidManifest.xml:15:9-43
33        android:label="@string/app_name"
33-->src/main/AndroidManifest.xml:16:9-41
34        android:supportsRtl="true"
34-->src/main/AndroidManifest.xml:17:9-35
35        android:testOnly="true"
36        android:theme="@style/Theme.KukukuApplication" >
36-->src/main/AndroidManifest.xml:18:9-55
37        <activity
37-->src/main/AndroidManifest.xml:20:9-30:20
38            android:name="com.capstoneproject.kukuku.MainActivity"
38-->src/main/AndroidManifest.xml:21:13-41
39            android:exported="true"
39-->src/main/AndroidManifest.xml:22:13-36
40            android:label="@string/app_name"
40-->src/main/AndroidManifest.xml:23:13-45
41            android:theme="@style/Theme.KukukuApplication" >
41-->src/main/AndroidManifest.xml:24:13-59
42            <intent-filter>
42-->src/main/AndroidManifest.xml:25:13-29:29
43                <action android:name="android.intent.action.MAIN" />
43-->src/main/AndroidManifest.xml:26:17-69
43-->src/main/AndroidManifest.xml:26:25-66
44
45                <category android:name="android.intent.category.LAUNCHER" />
45-->src/main/AndroidManifest.xml:28:17-77
45-->src/main/AndroidManifest.xml:28:27-74
46            </intent-filter>
47        </activity>
48
49        <provider
49-->src/main/AndroidManifest.xml:31:9-39:20
50            android:name="androidx.core.content.FileProvider"
50-->src/main/AndroidManifest.xml:32:13-62
51            android:authorities="com.capstoneproject.kukuku"
51-->src/main/AndroidManifest.xml:33:13-61
52            android:exported="false"
52-->src/main/AndroidManifest.xml:34:13-37
53            android:grantUriPermissions="true" >
53-->src/main/AndroidManifest.xml:35:13-47
54            <meta-data
54-->src/main/AndroidManifest.xml:36:13-38:54
55                android:name="android.support.FILE_PROVIDER_PATHS"
55-->src/main/AndroidManifest.xml:37:17-67
56                android:resource="@xml/file_paths" />
56-->src/main/AndroidManifest.xml:38:17-51
57        </provider>
58
59        <activity
59-->[androidx.compose.ui:ui-test-manifest:1.2.0] AndroidManifest.xml:24:9-26:39
60            android:name="androidx.activity.ComponentActivity"
60-->[androidx.compose.ui:ui-test-manifest:1.2.0] AndroidManifest.xml:25:13-63
61            android:exported="true" />
61-->[androidx.compose.ui:ui-test-manifest:1.2.0] AndroidManifest.xml:26:13-36
62        <activity
62-->[androidx.compose.ui:ui-tooling:1.2.0] AndroidManifest.xml:24:9-26:39
63            android:name="androidx.compose.ui.tooling.PreviewActivity"
63-->[androidx.compose.ui:ui-tooling:1.2.0] AndroidManifest.xml:25:13-71
64            android:exported="true" />
64-->[androidx.compose.ui:ui-tooling:1.2.0] AndroidManifest.xml:26:13-36
65
66        <uses-library
66-->[androidx.camera:camera-extensions:1.2.2] AndroidManifest.xml:29:9-31:40
67            android:name="androidx.camera.extensions.impl"
67-->[androidx.camera:camera-extensions:1.2.2] AndroidManifest.xml:30:13-59
68            android:required="false" />
68-->[androidx.camera:camera-extensions:1.2.2] AndroidManifest.xml:31:13-37
69
70        <service
70-->[androidx.camera:camera-camera2:1.2.2] AndroidManifest.xml:24:9-33:19
71            android:name="androidx.camera.core.impl.MetadataHolderService"
71-->[androidx.camera:camera-camera2:1.2.2] AndroidManifest.xml:25:13-75
72            android:enabled="false"
72-->[androidx.camera:camera-camera2:1.2.2] AndroidManifest.xml:26:13-36
73            android:exported="false" >
73-->[androidx.camera:camera-camera2:1.2.2] AndroidManifest.xml:27:13-37
74            <meta-data
74-->[androidx.camera:camera-camera2:1.2.2] AndroidManifest.xml:30:13-32:89
75                android:name="androidx.camera.core.impl.MetadataHolderService.DEFAULT_CONFIG_PROVIDER"
75-->[androidx.camera:camera-camera2:1.2.2] AndroidManifest.xml:31:17-103
76                android:value="androidx.camera.camera2.Camera2Config$DefaultProvider" />
76-->[androidx.camera:camera-camera2:1.2.2] AndroidManifest.xml:32:17-86
77        </service>
78
79        <provider
79-->[androidx.emoji2:emoji2:1.2.0] AndroidManifest.xml:24:9-32:20
80            android:name="androidx.startup.InitializationProvider"
80-->[androidx.emoji2:emoji2:1.2.0] AndroidManifest.xml:25:13-67
81            android:authorities="com.capstoneproject.kukuku.androidx-startup"
81-->[androidx.emoji2:emoji2:1.2.0] AndroidManifest.xml:26:13-68
82            android:exported="false" >
82-->[androidx.emoji2:emoji2:1.2.0] AndroidManifest.xml:27:13-37
83            <meta-data
83-->[androidx.emoji2:emoji2:1.2.0] AndroidManifest.xml:29:13-31:52
84                android:name="androidx.emoji2.text.EmojiCompatInitializer"
84-->[androidx.emoji2:emoji2:1.2.0] AndroidManifest.xml:30:17-75
85                android:value="androidx.startup" />
85-->[androidx.emoji2:emoji2:1.2.0] AndroidManifest.xml:31:17-49
86            <meta-data
86-->[androidx.lifecycle:lifecycle-process:2.4.1] AndroidManifest.xml:31:13-33:52
87                android:name="androidx.lifecycle.ProcessLifecycleInitializer"
87-->[androidx.lifecycle:lifecycle-process:2.4.1] AndroidManifest.xml:32:17-78
88                android:value="androidx.startup" />
88-->[androidx.lifecycle:lifecycle-process:2.4.1] AndroidManifest.xml:33:17-49
89            <meta-data
89-->[androidx.profileinstaller:profileinstaller:1.2.0] AndroidManifest.xml:30:13-32:52
90                android:name="androidx.profileinstaller.ProfileInstallerInitializer"
90-->[androidx.profileinstaller:profileinstaller:1.2.0] AndroidManifest.xml:31:17-85
91                android:value="androidx.startup" />
91-->[androidx.profileinstaller:profileinstaller:1.2.0] AndroidManifest.xml:32:17-49
92        </provider>
93
94        <receiver
94-->[androidx.profileinstaller:profileinstaller:1.2.0] AndroidManifest.xml:35:9-47:20
95            android:name="androidx.profileinstaller.ProfileInstallReceiver"
95-->[androidx.profileinstaller:profileinstaller:1.2.0] AndroidManifest.xml:36:13-76
96            android:directBootAware="false"
96-->[androidx.profileinstaller:profileinstaller:1.2.0] AndroidManifest.xml:37:13-44
97            android:enabled="true"
97-->[androidx.profileinstaller:profileinstaller:1.2.0] AndroidManifest.xml:38:13-35
98            android:exported="true"
98-->[androidx.profileinstaller:profileinstaller:1.2.0] AndroidManifest.xml:39:13-36
99            android:permission="android.permission.DUMP" >
99-->[androidx.profileinstaller:profileinstaller:1.2.0] AndroidManifest.xml:40:13-57
100            <intent-filter>
100-->[androidx.profileinstaller:profileinstaller:1.2.0] AndroidManifest.xml:41:13-43:29
101                <action android:name="androidx.profileinstaller.action.INSTALL_PROFILE" />
101-->[androidx.profileinstaller:profileinstaller:1.2.0] AndroidManifest.xml:42:17-91
101-->[androidx.profileinstaller:profileinstaller:1.2.0] AndroidManifest.xml:42:25-88
102            </intent-filter>
103            <intent-filter>
103-->[androidx.profileinstaller:profileinstaller:1.2.0] AndroidManifest.xml:44:13-46:29
104                <action android:name="androidx.profileinstaller.action.SKIP_FILE" />
104-->[androidx.profileinstaller:profileinstaller:1.2.0] AndroidManifest.xml:45:17-85
104-->[androidx.profileinstaller:profileinstaller:1.2.0] AndroidManifest.xml:45:25-82
105            </intent-filter>
106        </receiver>
107    </application>
108
109</manifest>